<?xml version="1.0" encoding="UTF-8"?>
<!-- Generated by org.testng.reporters.JUnitReportReporter -->
<testsuite hostname="SoumyaRaj" failures="0" tests="1" name="mobiletesting.base" time="6.647" errors="0" timestamp="2024-05-25T09:51:47 IST" skipped="0">
  <testcase classname="mobiletesting.base" name="configureAppium" time="6.647"/>
</testsuite> <!-- mobiletesting.base -->
