<?xml version="1.0" encoding="UTF-8"?>
<!-- Generated by org.testng.reporters.JUnitReportReporter -->
<testsuite hostname="SoumyaRaj" failures="0" tests="1" name="mobiletesting.invokeapp" time="32.106" errors="0" timestamp="2024-06-05T16:38:13 IST" skipped="0">
  <testcase classname="mobiletesting.invokeapp" name="configureAppium" time="32.106"/>
</testsuite> <!-- mobiletesting.invokeapp -->
